<?xml version="1.0" encoding="UTF-8"?>
<!-- Generated by org.testng.reporters.JUnitReportReporter -->
<testsuite skipped="0" hostname="meldas-MacBook-Pro.local" name="scripts.Car" tests="3" failures="0" timestamp="2022-12-08T18:57:42 CST" time="55.632" errors="0">
  <testcase name="practice" time="22.164" classname="scripts.Car"/>
  <system-out/>
  <testcase name="testIframe" time="26.635" classname="scripts.Car"/>
  <system-out/>
  <testcase name="testBrowserTab" time="6.833" classname="scripts.Car"/>
  <system-out/>
</testsuite> <!-- scripts.Car -->
