<?xml version="1.0" encoding="UTF-8"?>
<!-- Generated by org.testng.reporters.JUnitReportReporter -->
<testsuite skipped="0" hostname="meldas-MacBook-Pro.local" name="scripts.TravelTest" tests="1" failures="0" timestamp="2022-12-07T23:16:04 CST" time="10.546" errors="0">
  <testcase name="testTravelPage" time="10.546" classname="scripts.TravelTest"/>
  <system-out/>
</testsuite> <!-- scripts.TravelTest -->
