<?xml version="1.0" encoding="UTF-8"?>
<!-- Generated by org.testng.reporters.JUnitReportReporter -->
<testsuite skipped="0" hostname="meldas-MacBook-Pro.local" name="scripts.TravelTest" tests="1" failures="0" timestamp="2022-12-07T21:08:16 CST" time="11.087" errors="0">
  <testcase name="testTravelPage" time="11.087" classname="scripts.TravelTest"/>
  <system-out/>
</testsuite> <!-- scripts.TravelTest -->
