<?xml version="1.0" encoding="UTF-8"?>
<!-- Generated by org.testng.reporters.JUnitReportReporter -->
<testsuite skipped="0" hostname="meldas-MacBook-Pro.local" name="scripts.Car" tests="1" failures="0" timestamp="2022-12-10T19:42:36 CST" time="7.377" errors="0">
  <testcase name="testBrowserTab" time="7.377" classname="scripts.Car"/>
  <system-out/>
</testsuite> <!-- scripts.Car -->
